{"C:\\Users\\Rober\\Documents\\nodejs-projects\\dev-tools\\src\\services\\authenticateUserService.ts": {"path":"C:\\Users\\Rober\\Documents\\nodejs-projects\\dev-tools\\src\\services\\authenticateUserService.ts","all":false,"statementMap":{"0":{"start":{"line":1,"column":0},"end":{"line":1,"column":33}},"1":{"start":{"line":2,"column":0},"end":{"line":2,"column":36}},"2":{"start":{"line":3,"column":0},"end":{"line":3,"column":40}},"3":{"start":{"line":4,"column":0},"end":{"line":4,"column":49}},"4":{"start":{"line":5,"column":0},"end":{"line":5,"column":0}},"5":{"start":{"line":6,"column":0},"end":{"line":6,"column":34}},"6":{"start":{"line":7,"column":0},"end":{"line":7,"column":40}},"7":{"start":{"line":8,"column":0},"end":{"line":8,"column":42}},"8":{"start":{"line":9,"column":0},"end":{"line":9,"column":0}},"9":{"start":{"line":10,"column":0},"end":{"line":10,"column":20}},"10":{"start":{"line":11,"column":0},"end":{"line":11,"column":16}},"11":{"start":{"line":12,"column":0},"end":{"line":12,"column":19}},"12":{"start":{"line":13,"column":0},"end":{"line":13,"column":1}},"13":{"start":{"line":14,"column":0},"end":{"line":14,"column":0}},"14":{"start":{"line":15,"column":0},"end":{"line":15,"column":20}},"15":{"start":{"line":16,"column":0},"end":{"line":16,"column":16}},"16":{"start":{"line":17,"column":0},"end":{"line":17,"column":13}},"17":{"start":{"line":18,"column":0},"end":{"line":18,"column":1}},"18":{"start":{"line":19,"column":0},"end":{"line":19,"column":0}},"19":{"start":{"line":20,"column":0},"end":{"line":20,"column":31}},"20":{"start":{"line":21,"column":0},"end":{"line":21,"column":74}},"21":{"start":{"line":22,"column":0},"end":{"line":22,"column":48}},"22":{"start":{"line":23,"column":0},"end":{"line":23,"column":0}},"23":{"start":{"line":24,"column":0},"end":{"line":24,"column":69}},"24":{"start":{"line":25,"column":0},"end":{"line":25,"column":0}},"25":{"start":{"line":26,"column":0},"end":{"line":26,"column":16}},"26":{"start":{"line":27,"column":0},"end":{"line":27,"column":61}},"27":{"start":{"line":28,"column":0},"end":{"line":28,"column":5}},"28":{"start":{"line":29,"column":0},"end":{"line":29,"column":0}},"29":{"start":{"line":30,"column":0},"end":{"line":30,"column":67}},"30":{"start":{"line":31,"column":0},"end":{"line":31,"column":0}},"31":{"start":{"line":32,"column":0},"end":{"line":32,"column":49}},"32":{"start":{"line":33,"column":0},"end":{"line":33,"column":0}},"33":{"start":{"line":34,"column":0},"end":{"line":34,"column":36}},"34":{"start":{"line":35,"column":0},"end":{"line":35,"column":23}},"35":{"start":{"line":36,"column":0},"end":{"line":36,"column":16}},"36":{"start":{"line":37,"column":0},"end":{"line":37,"column":7}},"37":{"start":{"line":38,"column":0},"end":{"line":38,"column":0}},"38":{"start":{"line":39,"column":0},"end":{"line":39,"column":27}},"39":{"start":{"line":40,"column":0},"end":{"line":40,"column":61}},"40":{"start":{"line":41,"column":0},"end":{"line":41,"column":5}},"41":{"start":{"line":42,"column":0},"end":{"line":42,"column":0}},"42":{"start":{"line":43,"column":0},"end":{"line":43,"column":47}},"43":{"start":{"line":44,"column":0},"end":{"line":44,"column":3}},"44":{"start":{"line":45,"column":0},"end":{"line":45,"column":1}},"45":{"start":{"line":46,"column":0},"end":{"line":46,"column":0}},"46":{"start":{"line":47,"column":0},"end":{"line":47,"column":39}}},"s":{"0":1,"1":1,"2":1,"3":1,"4":1,"5":1,"6":1,"7":1,"8":1,"9":1,"10":1,"11":1,"12":1,"13":1,"14":1,"15":1,"16":1,"17":1,"18":1,"19":3,"20":3,"21":3,"22":3,"23":3,"24":3,"25":3,"26":1,"27":1,"28":2,"29":2,"30":3,"31":3,"32":3,"33":3,"34":3,"35":3,"36":3,"37":3,"38":3,"39":1,"40":1,"41":1,"42":1,"43":3,"44":3,"45":1,"46":1},"branchMap":{"0":{"type":"branch","line":20,"loc":{"start":{"line":20,"column":0},"end":{"line":45,"column":1}},"locations":[{"start":{"line":20,"column":0},"end":{"line":45,"column":1}}]},"1":{"type":"branch","line":20,"loc":{"start":{"line":20,"column":0},"end":{"line":45,"column":1}},"locations":[{"start":{"line":20,"column":0},"end":{"line":45,"column":1}}]},"2":{"type":"branch","line":21,"loc":{"start":{"line":21,"column":2},"end":{"line":44,"column":3}},"locations":[{"start":{"line":21,"column":2},"end":{"line":44,"column":3}}]},"3":{"type":"branch","line":26,"loc":{"start":{"line":26,"column":15},"end":{"line":28,"column":5}},"locations":[{"start":{"line":26,"column":15},"end":{"line":28,"column":5}}]},"4":{"type":"branch","line":29,"loc":{"start":{"line":29,"column":-1},"end":{"line":30,"column":67}},"locations":[{"start":{"line":29,"column":-1},"end":{"line":30,"column":67}}]},"5":{"type":"branch","line":39,"loc":{"start":{"line":39,"column":26},"end":{"line":43,"column":47}},"locations":[{"start":{"line":39,"column":26},"end":{"line":43,"column":47}}]}},"b":{"0":[1],"1":[3],"2":[3],"3":[1],"4":[2],"5":[1]},"fnMap":{"0":{"name":"AuthenticateUserService","decl":{"start":{"line":20,"column":0},"end":{"line":45,"column":1}},"loc":{"start":{"line":20,"column":0},"end":{"line":45,"column":1}},"line":20},"1":{"name":"Object.<anonymous>.AuthenticateUserService.execute","decl":{"start":{"line":21,"column":2},"end":{"line":44,"column":3}},"loc":{"start":{"line":21,"column":2},"end":{"line":44,"column":3}},"line":21}},"f":{"0":3,"1":3}}
,"C:\\Users\\Rober\\Documents\\nodejs-projects\\dev-tools\\src\\services\\createOrderService.ts": {"path":"C:\\Users\\Rober\\Documents\\nodejs-projects\\dev-tools\\src\\services\\createOrderService.ts","all":false,"statementMap":{"0":{"start":{"line":1,"column":0},"end":{"line":1,"column":49}},"1":{"start":{"line":2,"column":0},"end":{"line":2,"column":40}},"2":{"start":{"line":3,"column":0},"end":{"line":3,"column":42}},"3":{"start":{"line":4,"column":0},"end":{"line":4,"column":0}},"4":{"start":{"line":5,"column":0},"end":{"line":5,"column":36}},"5":{"start":{"line":6,"column":0},"end":{"line":6,"column":34}},"6":{"start":{"line":7,"column":0},"end":{"line":7,"column":34}},"7":{"start":{"line":8,"column":0},"end":{"line":8,"column":0}},"8":{"start":{"line":9,"column":0},"end":{"line":9,"column":22}},"9":{"start":{"line":10,"column":0},"end":{"line":10,"column":18}},"10":{"start":{"line":11,"column":0},"end":{"line":11,"column":19}},"11":{"start":{"line":12,"column":0},"end":{"line":12,"column":1}},"12":{"start":{"line":13,"column":0},"end":{"line":13,"column":0}},"13":{"start":{"line":14,"column":0},"end":{"line":14,"column":20}},"14":{"start":{"line":15,"column":0},"end":{"line":15,"column":18}},"15":{"start":{"line":16,"column":0},"end":{"line":16,"column":28}},"16":{"start":{"line":17,"column":0},"end":{"line":17,"column":1}},"17":{"start":{"line":18,"column":0},"end":{"line":18,"column":0}},"18":{"start":{"line":19,"column":0},"end":{"line":19,"column":26}},"19":{"start":{"line":20,"column":0},"end":{"line":20,"column":76}},"20":{"start":{"line":21,"column":0},"end":{"line":21,"column":50}},"21":{"start":{"line":22,"column":0},"end":{"line":22,"column":48}},"22":{"start":{"line":23,"column":0},"end":{"line":23,"column":48}},"23":{"start":{"line":24,"column":0},"end":{"line":24,"column":0}},"24":{"start":{"line":25,"column":0},"end":{"line":25,"column":48}},"25":{"start":{"line":26,"column":0},"end":{"line":26,"column":29}},"26":{"start":{"line":27,"column":0},"end":{"line":27,"column":7}},"27":{"start":{"line":28,"column":0},"end":{"line":28,"column":0}},"28":{"start":{"line":29,"column":0},"end":{"line":29,"column":51}},"29":{"start":{"line":30,"column":0},"end":{"line":30,"column":28}},"30":{"start":{"line":31,"column":0},"end":{"line":31,"column":8}},"31":{"start":{"line":32,"column":0},"end":{"line":32,"column":0}},"32":{"start":{"line":33,"column":0},"end":{"line":33,"column":64}},"33":{"start":{"line":34,"column":0},"end":{"line":34,"column":0}},"34":{"start":{"line":35,"column":0},"end":{"line":35,"column":51}},"35":{"start":{"line":36,"column":0},"end":{"line":36,"column":74}},"36":{"start":{"line":37,"column":0},"end":{"line":37,"column":5}},"37":{"start":{"line":38,"column":0},"end":{"line":38,"column":0}},"38":{"start":{"line":39,"column":0},"end":{"line":39,"column":43}},"39":{"start":{"line":40,"column":0},"end":{"line":40,"column":14}},"40":{"start":{"line":41,"column":0},"end":{"line":41,"column":11}},"41":{"start":{"line":42,"column":0},"end":{"line":42,"column":18}},"42":{"start":{"line":43,"column":0},"end":{"line":43,"column":7}},"43":{"start":{"line":44,"column":0},"end":{"line":44,"column":0}},"44":{"start":{"line":45,"column":0},"end":{"line":45,"column":39}},"45":{"start":{"line":46,"column":0},"end":{"line":46,"column":0}},"46":{"start":{"line":47,"column":0},"end":{"line":47,"column":56}},"47":{"start":{"line":48,"column":0},"end":{"line":48,"column":3}},"48":{"start":{"line":49,"column":0},"end":{"line":49,"column":1}},"49":{"start":{"line":50,"column":0},"end":{"line":50,"column":0}},"50":{"start":{"line":51,"column":0},"end":{"line":51,"column":34}}},"s":{"0":1,"1":1,"2":1,"3":1,"4":1,"5":1,"6":1,"7":1,"8":1,"9":1,"10":1,"11":1,"12":1,"13":1,"14":1,"15":1,"16":1,"17":1,"18":2,"19":2,"20":2,"21":2,"22":2,"23":2,"24":2,"25":2,"26":2,"27":2,"28":2,"29":2,"30":2,"31":2,"32":2,"33":2,"34":2,"35":1,"36":1,"37":1,"38":1,"39":1,"40":1,"41":1,"42":1,"43":1,"44":1,"45":2,"46":2,"47":2,"48":2,"49":1,"50":1},"branchMap":{"0":{"type":"branch","line":19,"loc":{"start":{"line":19,"column":0},"end":{"line":49,"column":1}},"locations":[{"start":{"line":19,"column":0},"end":{"line":49,"column":1}}]},"1":{"type":"branch","line":19,"loc":{"start":{"line":19,"column":0},"end":{"line":49,"column":1}},"locations":[{"start":{"line":19,"column":0},"end":{"line":49,"column":1}}]},"2":{"type":"branch","line":20,"loc":{"start":{"line":20,"column":2},"end":{"line":48,"column":3}},"locations":[{"start":{"line":20,"column":2},"end":{"line":48,"column":3}}]},"3":{"type":"branch","line":35,"loc":{"start":{"line":35,"column":50},"end":{"line":45,"column":39}},"locations":[{"start":{"line":35,"column":50},"end":{"line":45,"column":39}}]},"4":{"type":"branch","line":29,"loc":{"start":{"line":29,"column":36},"end":{"line":29,"column":50}},"locations":[{"start":{"line":29,"column":36},"end":{"line":29,"column":50}}]}},"b":{"0":[1],"1":[2],"2":[2],"3":[1],"4":[2]},"fnMap":{"0":{"name":"CreateOrderService","decl":{"start":{"line":19,"column":0},"end":{"line":49,"column":1}},"loc":{"start":{"line":19,"column":0},"end":{"line":49,"column":1}},"line":19},"1":{"name":"Object.<anonymous>.CreateOrderService.execute","decl":{"start":{"line":20,"column":2},"end":{"line":48,"column":3}},"loc":{"start":{"line":20,"column":2},"end":{"line":48,"column":3}},"line":20}},"f":{"0":2,"1":2}}
,"C:\\Users\\Rober\\Documents\\nodejs-projects\\dev-tools\\src\\services\\createToolService.ts": {"path":"C:\\Users\\Rober\\Documents\\nodejs-projects\\dev-tools\\src\\services\\createToolService.ts","all":false,"statementMap":{"0":{"start":{"line":1,"column":0},"end":{"line":1,"column":40}},"1":{"start":{"line":2,"column":0},"end":{"line":2,"column":34}},"2":{"start":{"line":3,"column":0},"end":{"line":3,"column":0}},"3":{"start":{"line":4,"column":0},"end":{"line":4,"column":20}},"4":{"start":{"line":5,"column":0},"end":{"line":5,"column":16}},"5":{"start":{"line":6,"column":0},"end":{"line":6,"column":15}},"6":{"start":{"line":7,"column":0},"end":{"line":7,"column":22}},"7":{"start":{"line":8,"column":0},"end":{"line":8,"column":17}},"8":{"start":{"line":9,"column":0},"end":{"line":9,"column":1}},"9":{"start":{"line":10,"column":0},"end":{"line":10,"column":0}},"10":{"start":{"line":11,"column":0},"end":{"line":11,"column":25}},"11":{"start":{"line":12,"column":0},"end":{"line":12,"column":24}},"12":{"start":{"line":13,"column":0},"end":{"line":13,"column":10}},"13":{"start":{"line":14,"column":0},"end":{"line":14,"column":9}},"14":{"start":{"line":15,"column":0},"end":{"line":15,"column":16}},"15":{"start":{"line":16,"column":0},"end":{"line":16,"column":9}},"16":{"start":{"line":17,"column":0},"end":{"line":17,"column":31}},"17":{"start":{"line":18,"column":0},"end":{"line":18,"column":48}},"18":{"start":{"line":19,"column":0},"end":{"line":19,"column":0}},"19":{"start":{"line":20,"column":0},"end":{"line":20,"column":41}},"20":{"start":{"line":21,"column":0},"end":{"line":21,"column":12}},"21":{"start":{"line":22,"column":0},"end":{"line":22,"column":11}},"22":{"start":{"line":23,"column":0},"end":{"line":23,"column":18}},"23":{"start":{"line":24,"column":0},"end":{"line":24,"column":11}},"24":{"start":{"line":25,"column":0},"end":{"line":25,"column":7}},"25":{"start":{"line":26,"column":0},"end":{"line":26,"column":0}},"26":{"start":{"line":27,"column":0},"end":{"line":27,"column":37}},"27":{"start":{"line":28,"column":0},"end":{"line":28,"column":0}},"28":{"start":{"line":29,"column":0},"end":{"line":29,"column":16}},"29":{"start":{"line":30,"column":0},"end":{"line":30,"column":3}},"30":{"start":{"line":31,"column":0},"end":{"line":31,"column":1}},"31":{"start":{"line":32,"column":0},"end":{"line":32,"column":0}},"32":{"start":{"line":33,"column":0},"end":{"line":33,"column":33}}},"s":{"0":1,"1":1,"2":1,"3":1,"4":1,"5":1,"6":1,"7":1,"8":1,"9":1,"10":4,"11":4,"12":5,"13":5,"14":5,"15":5,"16":5,"17":5,"18":5,"19":5,"20":5,"21":5,"22":5,"23":5,"24":5,"25":5,"26":5,"27":5,"28":5,"29":5,"30":4,"31":1,"32":1},"branchMap":{"0":{"type":"branch","line":11,"loc":{"start":{"line":11,"column":0},"end":{"line":31,"column":1}},"locations":[{"start":{"line":11,"column":0},"end":{"line":31,"column":1}}]},"1":{"type":"branch","line":11,"loc":{"start":{"line":11,"column":0},"end":{"line":31,"column":1}},"locations":[{"start":{"line":11,"column":0},"end":{"line":31,"column":1}}]},"2":{"type":"branch","line":12,"loc":{"start":{"line":12,"column":2},"end":{"line":30,"column":3}},"locations":[{"start":{"line":12,"column":2},"end":{"line":30,"column":3}}]}},"b":{"0":[3],"1":[4],"2":[5]},"fnMap":{"0":{"name":"CreateToolService","decl":{"start":{"line":11,"column":0},"end":{"line":31,"column":1}},"loc":{"start":{"line":11,"column":0},"end":{"line":31,"column":1}},"line":11},"1":{"name":"Object.<anonymous>.CreateToolService.execute","decl":{"start":{"line":12,"column":2},"end":{"line":30,"column":3}},"loc":{"start":{"line":12,"column":2},"end":{"line":30,"column":3}},"line":12}},"f":{"0":4,"1":5}}
,"C:\\Users\\Rober\\Documents\\nodejs-projects\\dev-tools\\src\\services\\createUserService.ts": {"path":"C:\\Users\\Rober\\Documents\\nodejs-projects\\dev-tools\\src\\services\\createUserService.ts","all":false,"statementMap":{"0":{"start":{"line":1,"column":0},"end":{"line":1,"column":55}},"1":{"start":{"line":2,"column":0},"end":{"line":2,"column":30}},"2":{"start":{"line":3,"column":0},"end":{"line":3,"column":49}},"3":{"start":{"line":4,"column":0},"end":{"line":4,"column":34}},"4":{"start":{"line":5,"column":0},"end":{"line":5,"column":42}},"5":{"start":{"line":6,"column":0},"end":{"line":6,"column":0}},"6":{"start":{"line":7,"column":0},"end":{"line":7,"column":20}},"7":{"start":{"line":8,"column":0},"end":{"line":8,"column":16}},"8":{"start":{"line":9,"column":0},"end":{"line":9,"column":19}},"9":{"start":{"line":10,"column":0},"end":{"line":10,"column":1}},"10":{"start":{"line":11,"column":0},"end":{"line":11,"column":0}},"11":{"start":{"line":12,"column":0},"end":{"line":12,"column":25}},"12":{"start":{"line":13,"column":0},"end":{"line":13,"column":70}},"13":{"start":{"line":14,"column":0},"end":{"line":14,"column":48}},"14":{"start":{"line":15,"column":0},"end":{"line":15,"column":0}},"15":{"start":{"line":16,"column":0},"end":{"line":16,"column":63}},"16":{"start":{"line":17,"column":0},"end":{"line":17,"column":23}},"17":{"start":{"line":18,"column":0},"end":{"line":18,"column":7}},"18":{"start":{"line":19,"column":0},"end":{"line":19,"column":0}},"19":{"start":{"line":20,"column":0},"end":{"line":20,"column":30}},"20":{"start":{"line":21,"column":0},"end":{"line":21,"column":48}},"21":{"start":{"line":22,"column":0},"end":{"line":22,"column":5}},"22":{"start":{"line":23,"column":0},"end":{"line":23,"column":0}},"23":{"start":{"line":24,"column":0},"end":{"line":24,"column":51}},"24":{"start":{"line":25,"column":0},"end":{"line":25,"column":0}},"25":{"start":{"line":26,"column":0},"end":{"line":26,"column":41}},"26":{"start":{"line":27,"column":0},"end":{"line":27,"column":12}},"27":{"start":{"line":28,"column":0},"end":{"line":28,"column":31}},"28":{"start":{"line":29,"column":0},"end":{"line":29,"column":7}},"29":{"start":{"line":30,"column":0},"end":{"line":30,"column":0}},"30":{"start":{"line":31,"column":0},"end":{"line":31,"column":37}},"31":{"start":{"line":32,"column":0},"end":{"line":32,"column":0}},"32":{"start":{"line":33,"column":0},"end":{"line":33,"column":30}},"33":{"start":{"line":34,"column":0},"end":{"line":34,"column":3}},"34":{"start":{"line":35,"column":0},"end":{"line":35,"column":1}},"35":{"start":{"line":36,"column":0},"end":{"line":36,"column":0}},"36":{"start":{"line":37,"column":0},"end":{"line":37,"column":33}}},"s":{"0":1,"1":1,"2":1,"3":1,"4":1,"5":1,"6":1,"7":1,"8":1,"9":1,"10":1,"11":6,"12":6,"13":7,"14":7,"15":7,"16":7,"17":7,"18":7,"19":7,"20":1,"21":1,"22":6,"23":6,"24":7,"25":7,"26":7,"27":7,"28":7,"29":7,"30":7,"31":7,"32":7,"33":7,"34":6,"35":1,"36":1},"branchMap":{"0":{"type":"branch","line":12,"loc":{"start":{"line":12,"column":0},"end":{"line":35,"column":1}},"locations":[{"start":{"line":12,"column":0},"end":{"line":35,"column":1}}]},"1":{"type":"branch","line":12,"loc":{"start":{"line":12,"column":0},"end":{"line":35,"column":1}},"locations":[{"start":{"line":12,"column":0},"end":{"line":35,"column":1}}]},"2":{"type":"branch","line":13,"loc":{"start":{"line":13,"column":2},"end":{"line":34,"column":3}},"locations":[{"start":{"line":13,"column":2},"end":{"line":34,"column":3}}]},"3":{"type":"branch","line":20,"loc":{"start":{"line":20,"column":29},"end":{"line":22,"column":5}},"locations":[{"start":{"line":20,"column":29},"end":{"line":22,"column":5}}]},"4":{"type":"branch","line":23,"loc":{"start":{"line":23,"column":-1},"end":{"line":24,"column":51}},"locations":[{"start":{"line":23,"column":-1},"end":{"line":24,"column":51}}]}},"b":{"0":[3],"1":[6],"2":[7],"3":[1],"4":[6]},"fnMap":{"0":{"name":"CreateUserService","decl":{"start":{"line":12,"column":0},"end":{"line":35,"column":1}},"loc":{"start":{"line":12,"column":0},"end":{"line":35,"column":1}},"line":12},"1":{"name":"Object.<anonymous>.CreateUserService.execute","decl":{"start":{"line":13,"column":2},"end":{"line":34,"column":3}},"loc":{"start":{"line":13,"column":2},"end":{"line":34,"column":3}},"line":13}},"f":{"0":6,"1":7}}
,"C:\\Users\\Rober\\Documents\\nodejs-projects\\dev-tools\\src\\services\\deleteToolService.ts": {"path":"C:\\Users\\Rober\\Documents\\nodejs-projects\\dev-tools\\src\\services\\deleteToolService.ts","all":false,"statementMap":{"0":{"start":{"line":1,"column":0},"end":{"line":1,"column":40}},"1":{"start":{"line":2,"column":0},"end":{"line":2,"column":34}},"2":{"start":{"line":3,"column":0},"end":{"line":3,"column":0}},"3":{"start":{"line":4,"column":0},"end":{"line":4,"column":20}},"4":{"start":{"line":5,"column":0},"end":{"line":5,"column":13}},"5":{"start":{"line":6,"column":0},"end":{"line":6,"column":1}},"6":{"start":{"line":7,"column":0},"end":{"line":7,"column":0}},"7":{"start":{"line":8,"column":0},"end":{"line":8,"column":25}},"8":{"start":{"line":9,"column":0},"end":{"line":9,"column":57}},"9":{"start":{"line":10,"column":0},"end":{"line":10,"column":48}},"10":{"start":{"line":11,"column":0},"end":{"line":11,"column":0}},"11":{"start":{"line":12,"column":0},"end":{"line":12,"column":37}},"12":{"start":{"line":13,"column":0},"end":{"line":13,"column":3}},"13":{"start":{"line":14,"column":0},"end":{"line":14,"column":1}},"14":{"start":{"line":15,"column":0},"end":{"line":15,"column":0}},"15":{"start":{"line":16,"column":0},"end":{"line":16,"column":33}}},"s":{"0":1,"1":1,"2":1,"3":1,"4":1,"5":1,"6":1,"7":3,"8":3,"9":2,"10":2,"11":2,"12":2,"13":3,"14":1,"15":1},"branchMap":{"0":{"type":"branch","line":8,"loc":{"start":{"line":8,"column":0},"end":{"line":14,"column":1}},"locations":[{"start":{"line":8,"column":0},"end":{"line":14,"column":1}}]},"1":{"type":"branch","line":8,"loc":{"start":{"line":8,"column":0},"end":{"line":14,"column":1}},"locations":[{"start":{"line":8,"column":0},"end":{"line":14,"column":1}}]},"2":{"type":"branch","line":9,"loc":{"start":{"line":9,"column":2},"end":{"line":13,"column":3}},"locations":[{"start":{"line":9,"column":2},"end":{"line":13,"column":3}}]}},"b":{"0":[2],"1":[3],"2":[2]},"fnMap":{"0":{"name":"DeleteToolService","decl":{"start":{"line":8,"column":0},"end":{"line":14,"column":1}},"loc":{"start":{"line":8,"column":0},"end":{"line":14,"column":1}},"line":8},"1":{"name":"Object.<anonymous>.DeleteToolService.execute","decl":{"start":{"line":9,"column":2},"end":{"line":13,"column":3}},"loc":{"start":{"line":9,"column":2},"end":{"line":13,"column":3}},"line":9}},"f":{"0":3,"1":2}}
,"C:\\Users\\Rober\\Documents\\nodejs-projects\\dev-tools\\src\\services\\listToolsService.ts": {"path":"C:\\Users\\Rober\\Documents\\nodejs-projects\\dev-tools\\src\\services\\listToolsService.ts","all":false,"statementMap":{"0":{"start":{"line":1,"column":0},"end":{"line":1,"column":40}},"1":{"start":{"line":2,"column":0},"end":{"line":2,"column":34}},"2":{"start":{"line":3,"column":0},"end":{"line":3,"column":0}},"3":{"start":{"line":4,"column":0},"end":{"line":4,"column":24}},"4":{"start":{"line":5,"column":0},"end":{"line":5,"column":43}},"5":{"start":{"line":6,"column":0},"end":{"line":6,"column":48}},"6":{"start":{"line":7,"column":0},"end":{"line":7,"column":0}},"7":{"start":{"line":8,"column":0},"end":{"line":8,"column":47}},"8":{"start":{"line":9,"column":0},"end":{"line":9,"column":0}},"9":{"start":{"line":10,"column":0},"end":{"line":10,"column":17}},"10":{"start":{"line":11,"column":0},"end":{"line":11,"column":3}},"11":{"start":{"line":12,"column":0},"end":{"line":12,"column":1}},"12":{"start":{"line":13,"column":0},"end":{"line":13,"column":0}},"13":{"start":{"line":14,"column":0},"end":{"line":14,"column":32}}},"s":{"0":1,"1":1,"2":1,"3":2,"4":2,"5":2,"6":2,"7":2,"8":2,"9":2,"10":2,"11":2,"12":1,"13":1},"branchMap":{"0":{"type":"branch","line":4,"loc":{"start":{"line":4,"column":0},"end":{"line":12,"column":1}},"locations":[{"start":{"line":4,"column":0},"end":{"line":12,"column":1}}]},"1":{"type":"branch","line":4,"loc":{"start":{"line":4,"column":0},"end":{"line":12,"column":1}},"locations":[{"start":{"line":4,"column":0},"end":{"line":12,"column":1}}]},"2":{"type":"branch","line":5,"loc":{"start":{"line":5,"column":2},"end":{"line":11,"column":3}},"locations":[{"start":{"line":5,"column":2},"end":{"line":11,"column":3}}]}},"b":{"0":[2],"1":[2],"2":[2]},"fnMap":{"0":{"name":"ListToolsService","decl":{"start":{"line":4,"column":0},"end":{"line":12,"column":1}},"loc":{"start":{"line":4,"column":0},"end":{"line":12,"column":1}},"line":4},"1":{"name":"Object.<anonymous>.ListToolsService.execute","decl":{"start":{"line":5,"column":2},"end":{"line":11,"column":3}},"loc":{"start":{"line":5,"column":2},"end":{"line":11,"column":3}},"line":5}},"f":{"0":2,"1":2}}
,"C:\\Users\\Rober\\Documents\\nodejs-projects\\dev-tools\\src\\services\\searchToolsService.ts": {"path":"C:\\Users\\Rober\\Documents\\nodejs-projects\\dev-tools\\src\\services\\searchToolsService.ts","all":false,"statementMap":{"0":{"start":{"line":1,"column":0},"end":{"line":1,"column":40}},"1":{"start":{"line":2,"column":0},"end":{"line":2,"column":34}},"2":{"start":{"line":3,"column":0},"end":{"line":3,"column":0}},"3":{"start":{"line":4,"column":0},"end":{"line":4,"column":20}},"4":{"start":{"line":5,"column":0},"end":{"line":5,"column":14}},"5":{"start":{"line":6,"column":0},"end":{"line":6,"column":1}},"6":{"start":{"line":7,"column":0},"end":{"line":7,"column":0}},"7":{"start":{"line":8,"column":0},"end":{"line":8,"column":26}},"8":{"start":{"line":9,"column":0},"end":{"line":9,"column":60}},"9":{"start":{"line":10,"column":0},"end":{"line":10,"column":48}},"10":{"start":{"line":11,"column":0},"end":{"line":11,"column":0}},"11":{"start":{"line":12,"column":0},"end":{"line":12,"column":30}},"12":{"start":{"line":13,"column":0},"end":{"line":13,"column":0}},"13":{"start":{"line":14,"column":0},"end":{"line":14,"column":39}},"14":{"start":{"line":15,"column":0},"end":{"line":15,"column":34}},"15":{"start":{"line":16,"column":0},"end":{"line":16,"column":57}},"16":{"start":{"line":17,"column":0},"end":{"line":17,"column":17}},"17":{"start":{"line":18,"column":0},"end":{"line":18,"column":0}},"18":{"start":{"line":19,"column":0},"end":{"line":19,"column":17}},"19":{"start":{"line":20,"column":0},"end":{"line":20,"column":3}},"20":{"start":{"line":21,"column":0},"end":{"line":21,"column":1}},"21":{"start":{"line":22,"column":0},"end":{"line":22,"column":0}},"22":{"start":{"line":23,"column":0},"end":{"line":23,"column":34}}},"s":{"0":1,"1":1,"2":1,"3":1,"4":1,"5":1,"6":1,"7":1,"8":1,"9":1,"10":1,"11":1,"12":1,"13":1,"14":1,"15":1,"16":1,"17":1,"18":1,"19":1,"20":1,"21":1,"22":1},"branchMap":{"0":{"type":"branch","line":8,"loc":{"start":{"line":8,"column":0},"end":{"line":21,"column":1}},"locations":[{"start":{"line":8,"column":0},"end":{"line":21,"column":1}}]},"1":{"type":"branch","line":8,"loc":{"start":{"line":8,"column":0},"end":{"line":21,"column":1}},"locations":[{"start":{"line":8,"column":0},"end":{"line":21,"column":1}}]},"2":{"type":"branch","line":9,"loc":{"start":{"line":9,"column":2},"end":{"line":20,"column":3}},"locations":[{"start":{"line":9,"column":2},"end":{"line":20,"column":3}}]}},"b":{"0":[1],"1":[1],"2":[1]},"fnMap":{"0":{"name":"SearchToolsService","decl":{"start":{"line":8,"column":0},"end":{"line":21,"column":1}},"loc":{"start":{"line":8,"column":0},"end":{"line":21,"column":1}},"line":8},"1":{"name":"Object.<anonymous>.SearchToolsService.execute","decl":{"start":{"line":9,"column":2},"end":{"line":20,"column":3}},"loc":{"start":{"line":9,"column":2},"end":{"line":20,"column":3}},"line":9}},"f":{"0":1,"1":1}}
}
