TN:
SF:src\services\authenticateUserService.ts
FN:20,AuthenticateUserService
FN:21,Object.<anonymous>.AuthenticateUserService.execute
FNF:2
FNH:2
FNDA:3,AuthenticateUserService
FNDA:3,Object.<anonymous>.AuthenticateUserService.execute
DA:1,1
DA:2,1
DA:3,1
DA:4,1
DA:5,1
DA:6,1
DA:7,1
DA:8,1
DA:9,1
DA:10,1
DA:11,1
DA:12,1
DA:13,1
DA:14,1
DA:15,1
DA:16,1
DA:17,1
DA:18,1
DA:19,1
DA:20,3
DA:21,3
DA:22,3
DA:23,3
DA:24,3
DA:25,3
DA:26,3
DA:27,1
DA:28,1
DA:29,2
DA:30,2
DA:31,3
DA:32,3
DA:33,3
DA:34,3
DA:35,3
DA:36,3
DA:37,3
DA:38,3
DA:39,3
DA:40,1
DA:41,1
DA:42,1
DA:43,1
DA:44,3
DA:45,3
DA:46,1
DA:47,1
LF:47
LH:47
BRDA:20,0,0,1
BRDA:20,1,0,3
BRDA:21,2,0,3
BRDA:26,3,0,1
BRDA:29,4,0,2
BRDA:39,5,0,1
BRF:6
BRH:6
end_of_record
TN:
SF:src\services\createOrderService.ts
FN:19,CreateOrderService
FN:20,Object.<anonymous>.CreateOrderService.execute
FNF:2
FNH:2
FNDA:2,CreateOrderService
FNDA:2,Object.<anonymous>.CreateOrderService.execute
DA:1,1
DA:2,1
DA:3,1
DA:4,1
DA:5,1
DA:6,1
DA:7,1
DA:8,1
DA:9,1
DA:10,1
DA:11,1
DA:12,1
DA:13,1
DA:14,1
DA:15,1
DA:16,1
DA:17,1
DA:18,1
DA:19,2
DA:20,2
DA:21,2
DA:22,2
DA:23,2
DA:24,2
DA:25,2
DA:26,2
DA:27,2
DA:28,2
DA:29,2
DA:30,2
DA:31,2
DA:32,2
DA:33,2
DA:34,2
DA:35,2
DA:36,1
DA:37,1
DA:38,1
DA:39,1
DA:40,1
DA:41,1
DA:42,1
DA:43,1
DA:44,1
DA:45,1
DA:46,2
DA:47,2
DA:48,2
DA:49,2
DA:50,1
DA:51,1
LF:51
LH:51
BRDA:19,0,0,1
BRDA:19,1,0,2
BRDA:20,2,0,2
BRDA:35,3,0,1
BRDA:29,4,0,2
BRF:5
BRH:5
end_of_record
TN:
SF:src\services\createToolService.ts
FN:11,CreateToolService
FN:12,Object.<anonymous>.CreateToolService.execute
FNF:2
FNH:2
FNDA:4,CreateToolService
FNDA:5,Object.<anonymous>.CreateToolService.execute
DA:1,1
DA:2,1
DA:3,1
DA:4,1
DA:5,1
DA:6,1
DA:7,1
DA:8,1
DA:9,1
DA:10,1
DA:11,4
DA:12,4
DA:13,5
DA:14,5
DA:15,5
DA:16,5
DA:17,5
DA:18,5
DA:19,5
DA:20,5
DA:21,5
DA:22,5
DA:23,5
DA:24,5
DA:25,5
DA:26,5
DA:27,5
DA:28,5
DA:29,5
DA:30,5
DA:31,4
DA:32,1
DA:33,1
LF:33
LH:33
BRDA:11,0,0,3
BRDA:11,1,0,4
BRDA:12,2,0,5
BRF:3
BRH:3
end_of_record
TN:
SF:src\services\createUserService.ts
FN:12,CreateUserService
FN:13,Object.<anonymous>.CreateUserService.execute
FNF:2
FNH:2
FNDA:6,CreateUserService
FNDA:7,Object.<anonymous>.CreateUserService.execute
DA:1,1
DA:2,1
DA:3,1
DA:4,1
DA:5,1
DA:6,1
DA:7,1
DA:8,1
DA:9,1
DA:10,1
DA:11,1
DA:12,6
DA:13,6
DA:14,7
DA:15,7
DA:16,7
DA:17,7
DA:18,7
DA:19,7
DA:20,7
DA:21,1
DA:22,1
DA:23,6
DA:24,6
DA:25,7
DA:26,7
DA:27,7
DA:28,7
DA:29,7
DA:30,7
DA:31,7
DA:32,7
DA:33,7
DA:34,7
DA:35,6
DA:36,1
DA:37,1
LF:37
LH:37
BRDA:12,0,0,3
BRDA:12,1,0,6
BRDA:13,2,0,7
BRDA:20,3,0,1
BRDA:23,4,0,6
BRF:5
BRH:5
end_of_record
TN:
SF:src\services\deleteToolService.ts
FN:8,DeleteToolService
FN:9,Object.<anonymous>.DeleteToolService.execute
FNF:2
FNH:2
FNDA:3,DeleteToolService
FNDA:2,Object.<anonymous>.DeleteToolService.execute
DA:1,1
DA:2,1
DA:3,1
DA:4,1
DA:5,1
DA:6,1
DA:7,1
DA:8,3
DA:9,3
DA:10,2
DA:11,2
DA:12,2
DA:13,2
DA:14,3
DA:15,1
DA:16,1
LF:16
LH:16
BRDA:8,0,0,2
BRDA:8,1,0,3
BRDA:9,2,0,2
BRF:3
BRH:3
end_of_record
TN:
SF:src\services\listToolsService.ts
FN:4,ListToolsService
FN:5,Object.<anonymous>.ListToolsService.execute
FNF:2
FNH:2
FNDA:2,ListToolsService
FNDA:2,Object.<anonymous>.ListToolsService.execute
DA:1,1
DA:2,1
DA:3,1
DA:4,2
DA:5,2
DA:6,2
DA:7,2
DA:8,2
DA:9,2
DA:10,2
DA:11,2
DA:12,2
DA:13,1
DA:14,1
LF:14
LH:14
BRDA:4,0,0,2
BRDA:4,1,0,2
BRDA:5,2,0,2
BRF:3
BRH:3
end_of_record
TN:
SF:src\services\searchToolsService.ts
FN:8,SearchToolsService
FN:9,Object.<anonymous>.SearchToolsService.execute
FNF:2
FNH:2
FNDA:1,SearchToolsService
FNDA:1,Object.<anonymous>.SearchToolsService.execute
DA:1,1
DA:2,1
DA:3,1
DA:4,1
DA:5,1
DA:6,1
DA:7,1
DA:8,1
DA:9,1
DA:10,1
DA:11,1
DA:12,1
DA:13,1
DA:14,1
DA:15,1
DA:16,1
DA:17,1
DA:18,1
DA:19,1
DA:20,1
DA:21,1
DA:22,1
DA:23,1
LF:23
LH:23
BRDA:8,0,0,1
BRDA:8,1,0,1
BRDA:9,2,0,1
BRF:3
BRH:3
end_of_record
