TN:
SF:src\services\authenticateUserService.ts
FN:20,AuthenticateUserService
FN:21,Object.<anonymous>.AuthenticateUserService.execute
FNF:2
FNH:2
FNDA:3,AuthenticateUserService
FNDA:3,Object.<anonymous>.AuthenticateUserService.execute
DA:1,1
DA:2,1
DA:3,1
DA:4,1
DA:5,1
DA:6,1
DA:7,1
DA:8,1
DA:9,1
DA:10,1
DA:11,1
DA:12,1
DA:13,1
DA:14,1
DA:15,1
DA:16,1
DA:17,1
DA:18,1
DA:19,1
DA:20,3
DA:21,3
DA:22,3
DA:23,3
DA:24,3
DA:25,3
DA:26,3
DA:27,1
DA:28,1
DA:29,2
DA:30,2
DA:31,3
DA:32,3
DA:33,3
DA:34,3
DA:35,3
DA:36,3
DA:37,3
DA:38,3
DA:39,3
DA:40,1
DA:41,1
DA:42,1
DA:43,1
DA:44,3
DA:45,3
DA:46,1
DA:47,1
LF:47
LH:47
BRDA:20,0,0,1
BRDA:20,1,0,3
BRDA:21,2,0,3
BRDA:26,3,0,1
BRDA:29,4,0,2
BRDA:39,5,0,1
BRF:6
BRH:6
end_of_record
TN:
SF:src\services\createToolService.ts
FN:11,CreateToolService
FN:12,Object.<anonymous>.CreateToolService.execute
FNF:2
FNH:2
FNDA:3,CreateToolService
FNDA:4,Object.<anonymous>.CreateToolService.execute
DA:1,1
DA:2,1
DA:3,1
DA:4,1
DA:5,1
DA:6,1
DA:7,1
DA:8,1
DA:9,1
DA:10,1
DA:11,3
DA:12,3
DA:13,4
DA:14,4
DA:15,4
DA:16,4
DA:17,4
DA:18,4
DA:19,4
DA:20,4
DA:21,4
DA:22,4
DA:23,4
DA:24,4
DA:25,4
DA:26,4
DA:27,4
DA:28,4
DA:29,4
DA:30,4
DA:31,3
DA:32,1
DA:33,1
LF:33
LH:33
BRDA:11,0,0,3
BRDA:11,1,0,3
BRDA:12,2,0,4
BRF:3
BRH:3
end_of_record
TN:
SF:src\services\createUserService.ts
FN:12,CreateUserService
FN:13,Object.<anonymous>.CreateUserService.execute
FNF:2
FNH:2
FNDA:4,CreateUserService
FNDA:4,Object.<anonymous>.CreateUserService.execute
DA:1,1
DA:2,1
DA:3,1
DA:4,1
DA:5,1
DA:6,1
DA:7,1
DA:8,1
DA:9,1
DA:10,1
DA:11,1
DA:12,4
DA:13,4
DA:14,4
DA:15,4
DA:16,4
DA:17,4
DA:18,4
DA:19,4
DA:20,4
DA:21,1
DA:22,1
DA:23,3
DA:24,3
DA:25,4
DA:26,4
DA:27,4
DA:28,4
DA:29,4
DA:30,4
DA:31,4
DA:32,4
DA:33,4
DA:34,4
DA:35,4
DA:36,1
DA:37,1
LF:37
LH:37
BRDA:12,0,0,2
BRDA:12,1,0,4
BRDA:13,2,0,4
BRDA:20,3,0,3
BRDA:20,4,0,1
BRF:5
BRH:5
end_of_record
TN:
SF:src\services\deleteToolService.ts
FN:8,DeleteToolService
FN:9,Object.<anonymous>.DeleteToolService.execute
FNF:2
FNH:2
FNDA:1,DeleteToolService
FNDA:1,Object.<anonymous>.DeleteToolService.execute
DA:1,1
DA:2,1
DA:3,1
DA:4,1
DA:5,1
DA:6,1
DA:7,1
DA:8,1
DA:9,1
DA:10,1
DA:11,1
DA:12,1
DA:13,1
DA:14,1
DA:15,1
DA:16,1
LF:16
LH:16
BRDA:8,0,0,1
BRDA:8,1,0,1
BRDA:9,2,0,1
BRF:3
BRH:3
end_of_record
TN:
SF:src\services\listToolsService.ts
FN:4,ListToolsService
FN:5,Object.<anonymous>.ListToolsService.execute
FNF:2
FNH:2
FNDA:2,ListToolsService
FNDA:2,Object.<anonymous>.ListToolsService.execute
DA:1,1
DA:2,1
DA:3,1
DA:4,2
DA:5,2
DA:6,2
DA:7,2
DA:8,2
DA:9,2
DA:10,2
DA:11,2
DA:12,2
DA:13,1
DA:14,1
LF:14
LH:14
BRDA:4,0,0,2
BRDA:4,1,0,2
BRDA:5,2,0,2
BRF:3
BRH:3
end_of_record
TN:
SF:src\services\searchToolsService.ts
FN:8,SearchToolsService
FN:9,Object.<anonymous>.SearchToolsService.execute
FNF:2
FNH:2
FNDA:1,SearchToolsService
FNDA:1,Object.<anonymous>.SearchToolsService.execute
DA:1,1
DA:2,1
DA:3,1
DA:4,1
DA:5,1
DA:6,1
DA:7,1
DA:8,1
DA:9,1
DA:10,1
DA:11,1
DA:12,1
DA:13,1
DA:14,1
DA:15,1
DA:16,1
DA:17,1
DA:18,1
DA:19,1
DA:20,1
DA:21,1
LF:21
LH:21
BRDA:8,0,0,1
BRDA:8,1,0,1
BRDA:9,2,0,1
BRF:3
BRH:3
end_of_record
